<?xml version="1.0" encoding="UTF-8" ?>
<testsuite tests="3" failures="0" name="ru.ipoint.karpov.RiskLevelCalculation_Maven.CalculationTest" time="0.243" errors="0" skipped="0">
  <properties>
[...]
</properties>
  <testcase classname="ru.ipoint.karpov.RiskLevelCalculation_Maven.CalculationTest" name="testSearch_LevelOfDamage" time="0.016"/>
  <testcase classname="ru.ipoint.karpov.RiskLevelCalculation_Maven.CalculationTest" name="testSearch_LevelOfAttackProbability" time="0"/>
  <testcase classname="ru.ipoint.karpov.RiskLevelCalculation_Maven.CalculationTest" name="testSearch_LevelOfRisk" time="0"/>
</testsuite>